<?xml version="1.0" encoding="UTF-8"?>
<!-- Generated by org.testng.reporters.JUnitXMLReporter -->
<testsuite ignored="0" hostname="MONO-HYD-LAP397" failures="0" tests="4" name="Default test" time="84.613" errors="0" timestamp="2023-10-19T15:30:44 IST">
  <testcase classname="driver.methods.DataProvider" name="testAppWithExcelData" time="27.614"/>
  <testcase classname="driver.methods.DataProvider" name="testAppWithExcelData" time="17.967"/>
  <testcase classname="driver.methods.DataProvider" name="testAppWithExcelData" time="18.543"/>
  <testcase classname="driver.methods.DataProvider" name="testAppWithExcelData" time="20.044"/>
</testsuite> <!-- Default test -->
