<?xml version="1.0" encoding="UTF-8"?>
<testng-results ignored="0" total="4" passed="4" failed="0" skipped="0">
  <reporter-output>
  </reporter-output>
  <suite started-at="2023-10-19T15:29:20 IST" name="Default suite" finished-at="2023-10-19T15:30:44 IST" duration-ms="84613">
    <groups>
    </groups>
    <test started-at="2023-10-19T15:29:20 IST" name="Default test" finished-at="2023-10-19T15:30:44 IST" duration-ms="84613">
      <class name="driver.methods.DataProvider">
        <test-method signature="testAppWithExcelData(java.lang.String)[pri:0, instance:driver.methods.DataProvider@f09733f]" started-at="2023-10-19T15:29:20 IST" name="testAppWithExcelData" data-provider="testData" finished-at="2023-10-19T15:29:48 IST" duration-ms="27614" status="PASS">
          <params>
            <param index="0">
              <value>
                <![CDATA[akmslmdl]]>
              </value>
            </param>
          </params>
          <reporter-output>
          </reporter-output>
        </test-method> <!-- testAppWithExcelData -->
        <test-method signature="testAppWithExcelData(java.lang.String)[pri:0, instance:driver.methods.DataProvider@f09733f]" started-at="2023-10-19T15:29:48 IST" name="testAppWithExcelData" data-provider="testData" finished-at="2023-10-19T15:30:06 IST" duration-ms="17967" status="PASS">
          <params>
            <param index="0">
              <value>
                <![CDATA[domdomdo]]>
              </value>
            </param>
          </params>
          <reporter-output>
          </reporter-output>
        </test-method> <!-- testAppWithExcelData -->
        <test-method signature="testAppWithExcelData(java.lang.String)[pri:0, instance:driver.methods.DataProvider@f09733f]" started-at="2023-10-19T15:30:06 IST" name="testAppWithExcelData" data-provider="testData" finished-at="2023-10-19T15:30:24 IST" duration-ms="18543" status="PASS">
          <params>
            <param index="0">
              <value>
                <![CDATA[mddd]]>
              </value>
            </param>
          </params>
          <reporter-output>
          </reporter-output>
        </test-method> <!-- testAppWithExcelData -->
        <test-method signature="testAppWithExcelData(java.lang.String)[pri:0, instance:driver.methods.DataProvider@f09733f]" started-at="2023-10-19T15:30:24 IST" name="testAppWithExcelData" data-provider="testData" finished-at="2023-10-19T15:30:44 IST" duration-ms="20044" status="PASS">
          <params>
            <param index="0">
              <value>
                <![CDATA[mddd]]>
              </value>
            </param>
          </params>
          <reporter-output>
          </reporter-output>
        </test-method> <!-- testAppWithExcelData -->
      </class> <!-- driver.methods.DataProvider -->
    </test> <!-- Default test -->
  </suite> <!-- Default suite -->
</testng-results>
